0 info it worked if it ends with ok
1 verbose cli [ '/Users/ariftopcu/.nvm/versions/node/v5.6.0/bin/node',
1 verbose cli   '/Users/ariftopcu/.nvm/versions/node/v5.6.0/bin/npm',
1 verbose cli   'start' ]
2 info using npm@3.7.5
3 info using node@v5.6.0
4 verbose run-script [ 'prestart', 'start', 'poststart' ]
5 info lifecycle cRank-server@~prestart: cRank-server@
6 silly lifecycle cRank-server@~prestart: no script for prestart, continuing
7 info lifecycle cRank-server@~start: cRank-server@
8 verbose lifecycle cRank-server@~start: unsafe-perm in lifecycle true
9 verbose lifecycle cRank-server@~start: PATH: /Users/ariftopcu/.nvm/versions/node/v5.6.0/lib/node_modules/npm/bin/node-gyp-bin:/Users/ariftopcu/Code/cRankApp/cRank-server/node_modules/.bin:/Users/ariftopcu/.nvm/versions/node/v5.6.0/bin:/Users/ariftopcu/.nvm/versions/node/v5.6.0/bin:/Library/Frameworks/Python.framework/Versions/3.5/bin:/usr/local/bin:/usr/bin:/bin:/usr/sbin:/sbin:/Users/ariftopcu/Library/Android/sdk/platform-tools:/Users/ariftopcu/Code/android-backup-extractor-20151102-bin
10 verbose lifecycle cRank-server@~start: CWD: /Users/ariftopcu/Code/cRankApp/cRank-server
11 silly lifecycle cRank-server@~start: Args: [ '-c', 'node server.js' ]
12 silly lifecycle cRank-server@~start: Returned: code: 1  signal: null
13 info lifecycle cRank-server@~start: Failed to exec start script
14 verbose stack Error: cRank-server@ start: `node server.js`
14 verbose stack Exit status 1
14 verbose stack     at EventEmitter.<anonymous> (/Users/ariftopcu/.nvm/versions/node/v5.6.0/lib/node_modules/npm/lib/utils/lifecycle.js:239:16)
14 verbose stack     at emitTwo (events.js:100:13)
14 verbose stack     at EventEmitter.emit (events.js:185:7)
14 verbose stack     at ChildProcess.<anonymous> (/Users/ariftopcu/.nvm/versions/node/v5.6.0/lib/node_modules/npm/lib/utils/spawn.js:24:14)
14 verbose stack     at emitTwo (events.js:100:13)
14 verbose stack     at ChildProcess.emit (events.js:185:7)
14 verbose stack     at maybeClose (internal/child_process.js:827:16)
14 verbose stack     at Process.ChildProcess._handle.onexit (internal/child_process.js:211:5)
15 verbose pkgid cRank-server@
16 verbose cwd /Users/ariftopcu/Code/cRankApp/cRank-server
17 error Darwin 15.3.0
18 error argv "/Users/ariftopcu/.nvm/versions/node/v5.6.0/bin/node" "/Users/ariftopcu/.nvm/versions/node/v5.6.0/bin/npm" "start"
19 error node v5.6.0
20 error npm  v3.7.5
21 error code ELIFECYCLE
22 error cRank-server@ start: `node server.js`
22 error Exit status 1
23 error Failed at the cRank-server@ start script 'node server.js'.
23 error Make sure you have the latest version of node.js and npm installed.
23 error If you do, this is most likely a problem with the cRank-server package,
23 error not with npm itself.
23 error Tell the author that this fails on your system:
23 error     node server.js
23 error You can get information on how to open an issue for this project with:
23 error     npm bugs cRank-server
23 error Or if that isn't available, you can get their info via:
23 error     npm owner ls cRank-server
23 error There is likely additional logging output above.
24 verbose exit [ 1, true ]
